> Task :ai:preBuild UP-TO-DATE
> Task :ai:preReleaseBuild UP-TO-DATE
> Task :common:preBuild UP-TO-DATE
> Task :common:preReleaseBuild UP-TO-DATE
> Task :common:writeReleaseAarMetadata UP-TO-DATE
> Task :ai:checkReleaseAarMetadata UP-TO-DATE
> Task :ai:mergeReleaseJniLibFolders UP-TO-DATE
> Task :ai:mergeReleaseNativeLibs NO-SOURCE
> Task :ai:stripReleaseDebugSymbols NO-SOURCE
> Task :ai:copyReleaseJniLibsProjectAndLocalJars UP-TO-DATE
> Task :ai:generateReleaseResValues UP-TO-DATE
> Task :ai:extractDeepLinksForAarRelease UP-TO-DATE
> Task :ai:checkKotlinGradlePluginConfigurationErrors SKIPPED
> Task :ai:generateReleaseResources UP-TO-DATE
> Task :ai:packageReleaseResources UP-TO-DATE
> Task :ai:processReleaseNavigationResources UP-TO-DATE
> Task :ai:parseReleaseLocalResources UP-TO-DATE
> Task :ai:generateReleaseRFile UP-TO-DATE
> Task :common:checkKotlinGradlePluginConfigurationErrors SKIPPED
> Task :common:generateReleaseResValues UP-TO-DATE
> Task :common:generateReleaseResources UP-TO-DATE
> Task :common:packageReleaseResources UP-TO-DATE
> Task :common:processReleaseNavigationResources UP-TO-DATE
> Task :common:parseReleaseLocalResources UP-TO-DATE
> Task :common:generateReleaseRFile UP-TO-DATE
> Task :common:compileReleaseKotlin UP-TO-DATE
> Task :common:javaPreCompileRelease UP-TO-DATE
> Task :common:compileReleaseJavaWithJavac NO-SOURCE
> Task :common:bundleLibCompileToJarRelease UP-TO-DATE
> Task :ai:compileReleaseKotlin UP-TO-DATE
> Task :ai:extractReleaseAnnotations UP-TO-DATE
> Task :ai:mergeReleaseShaders UP-TO-DATE
> Task :ai:compileReleaseShaders NO-SOURCE
> Task :ai:generateReleaseAssets UP-TO-DATE
> Task :ai:mergeReleaseAssets UP-TO-DATE
> Task :ai:javaPreCompileRelease UP-TO-DATE
> Task :ai:compileReleaseJavaWithJavac NO-SOURCE
> Task :ai:mergeReleaseGeneratedProguardFiles UP-TO-DATE
> Task :ai:mergeReleaseConsumerProguardFiles UP-TO-DATE
> Task :ai:prepareLintJarForPublish UP-TO-DATE
> Task :ai:prepareReleaseArtProfile UP-TO-DATE
> Task :ai:processReleaseManifest UP-TO-DATE
> Task :ai:processReleaseJavaRes UP-TO-DATE
> Task :ai:mergeReleaseJavaResource UP-TO-DATE
> Task :ai:syncReleaseLibJars UP-TO-DATE
> Task :ai:writeReleaseAarMetadata UP-TO-DATE
> Task :ai:bundleReleaseAar UP-TO-DATE
> Task :ai:mapReleaseSourceSetPaths UP-TO-DATE
> Task :ai:mergeReleaseResources UP-TO-DATE
> Task :common:compileReleaseLibraryResources UP-TO-DATE
> Task :ai:verifyReleaseResources UP-TO-DATE
> Task :ai:assembleRelease UP-TO-DATE
> Task :ai:copyReleaseJniLibsProjectOnly UP-TO-DATE
> Task :app:generateReleasePythonJniLibs UP-TO-DATE
> Task :app:preBuild UP-TO-DATE
> Task :app:preReleaseBuild UP-TO-DATE
> Task :app:mergeReleaseJniLibFolders UP-TO-DATE
> Task :common:mergeReleaseJniLibFolders UP-TO-DATE
> Task :common:mergeReleaseNativeLibs NO-SOURCE
> Task :common:copyReleaseJniLibsProjectOnly UP-TO-DATE
> Task :document:preBuild UP-TO-DATE
> Task :document:preReleaseBuild UP-TO-DATE
> Task :document:mergeReleaseJniLibFolders UP-TO-DATE
> Task :document:mergeReleaseNativeLibs UP-TO-DATE
> Task :document:copyReleaseJniLibsProjectOnly UP-TO-DATE
> Task :highlight:preBuild UP-TO-DATE
> Task :highlight:preReleaseBuild UP-TO-DATE
> Task :highlight:mergeReleaseJniLibFolders UP-TO-DATE
> Task :highlight:mergeReleaseNativeLibs NO-SOURCE
> Task :highlight:copyReleaseJniLibsProjectOnly UP-TO-DATE
> Task :search:preBuild UP-TO-DATE
> Task :search:preReleaseBuild UP-TO-DATE
> Task :search:mergeReleaseJniLibFolders UP-TO-DATE
> Task :search:mergeReleaseNativeLibs NO-SOURCE
> Task :search:copyReleaseJniLibsProjectOnly UP-TO-DATE
> Task :tts:preBuild UP-TO-DATE
> Task :tts:preReleaseBuild UP-TO-DATE
> Task :tts:mergeReleaseJniLibFolders UP-TO-DATE
> Task :tts:mergeReleaseNativeLibs NO-SOURCE
> Task :tts:copyReleaseJniLibsProjectOnly UP-TO-DATE
> Task :app:mergeReleaseNativeLibs UP-TO-DATE
> Task :app:stripReleaseDebugSymbols UP-TO-DATE
> Task :app:extractReleaseNativeSymbolTables UP-TO-DATE
> Task :app:mergeReleaseNativeDebugMetadata NO-SOURCE
> Task :ai:bundleLibCompileToJarRelease UP-TO-DATE
> Task :search:checkKotlinGradlePluginConfigurationErrors SKIPPED
> Task :search:generateReleaseResValues UP-TO-DATE
> Task :search:generateReleaseResources UP-TO-DATE
> Task :search:packageReleaseResources UP-TO-DATE
> Task :search:processReleaseNavigationResources UP-TO-DATE
> Task :search:parseReleaseLocalResources UP-TO-DATE
> Task :search:generateReleaseRFile UP-TO-DATE
> Task :search:compileReleaseKotlin UP-TO-DATE
> Task :search:javaPreCompileRelease UP-TO-DATE
> Task :search:compileReleaseJavaWithJavac NO-SOURCE
> Task :search:mergeReleaseGeneratedProguardFiles UP-TO-DATE
> Task :search:exportReleaseConsumerProguardFiles UP-TO-DATE
> Task :ai:exportReleaseConsumerProguardFiles UP-TO-DATE
> Task :document:checkKotlinGradlePluginConfigurationErrors SKIPPED
> Task :document:generateReleaseResValues UP-TO-DATE
> Task :document:generateReleaseResources UP-TO-DATE
> Task :document:packageReleaseResources UP-TO-DATE
> Task :document:processReleaseNavigationResources UP-TO-DATE
> Task :document:parseReleaseLocalResources UP-TO-DATE
> Task :document:generateReleaseRFile UP-TO-DATE
> Task :document:compileReleaseKotlin UP-TO-DATE
> Task :document:javaPreCompileRelease UP-TO-DATE
> Task :document:compileReleaseJavaWithJavac UP-TO-DATE
> Task :document:mergeReleaseGeneratedProguardFiles UP-TO-DATE
> Task :document:exportReleaseConsumerProguardFiles UP-TO-DATE
> Task :highlight:checkKotlinGradlePluginConfigurationErrors SKIPPED
> Task :highlight:generateReleaseResValues UP-TO-DATE
> Task :highlight:generateReleaseResources UP-TO-DATE
> Task :highlight:packageReleaseResources UP-TO-DATE
> Task :highlight:processReleaseNavigationResources UP-TO-DATE
> Task :highlight:parseReleaseLocalResources UP-TO-DATE
> Task :highlight:generateReleaseRFile UP-TO-DATE
> Task :highlight:compileReleaseKotlin UP-TO-DATE
> Task :highlight:javaPreCompileRelease UP-TO-DATE
> Task :highlight:compileReleaseJavaWithJavac NO-SOURCE
> Task :highlight:mergeReleaseGeneratedProguardFiles UP-TO-DATE
> Task :highlight:exportReleaseConsumerProguardFiles UP-TO-DATE
> Task :tts:checkKotlinGradlePluginConfigurationErrors SKIPPED
> Task :tts:generateReleaseResValues UP-TO-DATE
> Task :tts:generateReleaseResources UP-TO-DATE
> Task :tts:packageReleaseResources UP-TO-DATE
> Task :tts:processReleaseNavigationResources UP-TO-DATE
> Task :tts:parseReleaseLocalResources UP-TO-DATE
> Task :tts:generateReleaseRFile UP-TO-DATE
> Task :tts:compileReleaseKotlin UP-TO-DATE
> Task :tts:javaPreCompileRelease UP-TO-DATE
> Task :tts:compileReleaseJavaWithJavac NO-SOURCE
> Task :tts:mergeReleaseGeneratedProguardFiles UP-TO-DATE
> Task :tts:exportReleaseConsumerProguardFiles UP-TO-DATE
> Task :common:mergeReleaseGeneratedProguardFiles UP-TO-DATE
> Task :common:exportReleaseConsumerProguardFiles UP-TO-DATE
> Task :ai:bundleLibRuntimeToJarRelease UP-TO-DATE
> Task :app:buildKotlinToolingMetadata UP-TO-DATE
> Task :app:checkReleaseDuplicateClasses UP-TO-DATE
> Task :app:checkKotlinGradlePluginConfigurationErrors SKIPPED
> Task :app:generateReleaseBuildConfig UP-TO-DATE
> Task :app:extractReleasePythonBuildPackages UP-TO-DATE
> Task :app:installReleasePythonRequirements UP-TO-DATE
> Task :app:mergeReleasePythonSources UP-TO-DATE
> Task :app:generateReleasePythonProxies UP-TO-DATE
> Task :document:writeReleaseAarMetadata UP-TO-DATE
> Task :highlight:writeReleaseAarMetadata UP-TO-DATE
> Task :search:writeReleaseAarMetadata UP-TO-DATE
> Task :tts:writeReleaseAarMetadata UP-TO-DATE
> Task :app:checkReleaseAarMetadata UP-TO-DATE
> Task :app:processReleaseNavigationResources UP-TO-DATE
> Task :app:compileReleaseNavigationResources UP-TO-DATE
> Task :app:generateReleaseResValues UP-TO-DATE
> Task :app:injectCrashlyticsMappingFileIdRelease
> Task :app:extractReleaseVersionControlInfo UP-TO-DATE
> Task :app:injectCrashlyticsVersionControlInfoRelease UP-TO-DATE
> Task :app:processReleaseGoogleServices UP-TO-DATE
> Task :app:mapReleaseSourceSetPaths UP-TO-DATE
> Task :ai:extractReleaseSupportedLocales UP-TO-DATE
> Task :app:extractReleaseSupportedLocales
> Task :common:extractReleaseSupportedLocales UP-TO-DATE
> Task :document:extractReleaseSupportedLocales UP-TO-DATE
> Task :highlight:extractReleaseSupportedLocales UP-TO-DATE
> Task :search:extractReleaseSupportedLocales UP-TO-DATE
> Task :tts:extractReleaseSupportedLocales UP-TO-DATE
> Task :app:generateReleaseLocaleConfig UP-TO-DATE
> Task :app:generateReleaseResources UP-TO-DATE
> Task :app:packageReleaseResources
> Task :app:createReleaseCompatibleScreenManifests UP-TO-DATE
> Task :ai:extractDeepLinksRelease UP-TO-DATE
> Task :app:extractDeepLinksRelease UP-TO-DATE
> Task :common:extractDeepLinksRelease UP-TO-DATE
> Task :common:processReleaseManifest UP-TO-DATE
> Task :document:extractDeepLinksRelease UP-TO-DATE
> Task :document:processReleaseManifest UP-TO-DATE
> Task :highlight:extractDeepLinksRelease UP-TO-DATE
> Task :highlight:processReleaseManifest UP-TO-DATE
> Task :search:extractDeepLinksRelease UP-TO-DATE
> Task :search:processReleaseManifest UP-TO-DATE
> Task :tts:extractDeepLinksRelease UP-TO-DATE
> Task :tts:processReleaseManifest UP-TO-DATE
> Task :app:processReleaseMainManifest UP-TO-DATE
> Task :app:processReleaseManifest UP-TO-DATE
> Task :app:processReleaseManifestForPackage UP-TO-DATE
> Task :document:bundleLibCompileToJarRelease UP-TO-DATE
> Task :highlight:bundleLibCompileToJarRelease UP-TO-DATE
> Task :search:bundleLibCompileToJarRelease UP-TO-DATE
> Task :tts:bundleLibCompileToJarRelease UP-TO-DATE
> Task :app:parseReleaseLocalResources
> Task :app:javaPreCompileRelease UP-TO-DATE
> Task :common:prepareReleaseArtProfile UP-TO-DATE
> Task :document:prepareReleaseArtProfile UP-TO-DATE
> Task :highlight:prepareReleaseArtProfile UP-TO-DATE
> Task :search:prepareReleaseArtProfile UP-TO-DATE
> Task :tts:prepareReleaseArtProfile UP-TO-DATE
> Task :app:mergeReleaseArtProfile UP-TO-DATE
> Task :common:bundleLibRuntimeToJarRelease UP-TO-DATE
> Task :document:bundleLibRuntimeToJarRelease UP-TO-DATE
> Task :highlight:bundleLibRuntimeToJarRelease UP-TO-DATE
> Task :search:bundleLibRuntimeToJarRelease UP-TO-DATE
> Task :tts:bundleLibRuntimeToJarRelease UP-TO-DATE
> Task :app:extractProguardFiles UP-TO-DATE
> Task :common:processReleaseJavaRes UP-TO-DATE
> Task :document:processReleaseJavaRes UP-TO-DATE
> Task :highlight:processReleaseJavaRes UP-TO-DATE
> Task :search:processReleaseJavaRes UP-TO-DATE
> Task :tts:processReleaseJavaRes UP-TO-DATE
> Task :app:mergeReleaseStartupProfile UP-TO-DATE
> Task :app:mergeReleaseShaders UP-TO-DATE
> Task :app:compileReleaseShaders NO-SOURCE
> Task :app:generateReleaseAssets UP-TO-DATE
> Task :app:generateReleasePythonMiscAssets UP-TO-DATE
> Task :app:generateReleasePythonRequirementsAssets UP-TO-DATE
> Task :app:generateReleasePythonSourceAssets UP-TO-DATE
> Task :app:generateReleasePythonBuildAssets UP-TO-DATE
> Task :common:mergeReleaseShaders UP-TO-DATE
> Task :common:compileReleaseShaders NO-SOURCE
> Task :common:generateReleaseAssets UP-TO-DATE
> Task :common:mergeReleaseAssets UP-TO-DATE
> Task :document:mergeReleaseShaders UP-TO-DATE
> Task :document:compileReleaseShaders NO-SOURCE
> Task :document:generateReleaseAssets UP-TO-DATE
> Task :document:mergeReleaseAssets UP-TO-DATE
> Task :highlight:mergeReleaseShaders UP-TO-DATE
> Task :highlight:compileReleaseShaders NO-SOURCE
> Task :highlight:generateReleaseAssets UP-TO-DATE
> Task :highlight:mergeReleaseAssets UP-TO-DATE
> Task :search:mergeReleaseShaders UP-TO-DATE
> Task :search:compileReleaseShaders NO-SOURCE
> Task :search:generateReleaseAssets UP-TO-DATE
> Task :search:mergeReleaseAssets UP-TO-DATE
> Task :tts:mergeReleaseShaders UP-TO-DATE
> Task :tts:compileReleaseShaders NO-SOURCE
> Task :tts:generateReleaseAssets UP-TO-DATE
> Task :tts:mergeReleaseAssets UP-TO-DATE
> Task :app:mergeReleaseAssets UP-TO-DATE
> Task :app:compressReleaseAssets UP-TO-DATE
> Task :ai:extractProguardFiles UP-TO-DATE
> Task :common:createFullJarRelease UP-TO-DATE
> Task :common:extractProguardFiles UP-TO-DATE
> Task :common:generateReleaseLintModel UP-TO-DATE
> Task :common:prepareLintJarForPublish UP-TO-DATE
> Task :ai:generateReleaseLintVitalModel UP-TO-DATE
> Task :common:checkReleaseAarMetadata UP-TO-DATE
> Task :common:stripReleaseDebugSymbols NO-SOURCE
> Task :common:copyReleaseJniLibsProjectAndLocalJars UP-TO-DATE
> Task :common:extractDeepLinksForAarRelease UP-TO-DATE
> Task :common:extractReleaseAnnotations UP-TO-DATE
> Task :common:mergeReleaseConsumerProguardFiles UP-TO-DATE
> Task :common:mergeReleaseJavaResource UP-TO-DATE
> Task :common:syncReleaseLibJars UP-TO-DATE
> Task :common:bundleReleaseLocalLintAar UP-TO-DATE
> Task :common:writeReleaseLintModelMetadata UP-TO-DATE
> Task :ai:lintVitalAnalyzeRelease UP-TO-DATE
> Task :ai:createFullJarRelease UP-TO-DATE
> Task :ai:generateReleaseLintModel UP-TO-DATE
> Task :document:createFullJarRelease UP-TO-DATE
> Task :document:extractProguardFiles UP-TO-DATE
> Task :document:generateReleaseLintModel UP-TO-DATE
> Task :document:prepareLintJarForPublish UP-TO-DATE
> Task :highlight:createFullJarRelease UP-TO-DATE
> Task :highlight:extractProguardFiles UP-TO-DATE
> Task :highlight:generateReleaseLintModel UP-TO-DATE
> Task :highlight:prepareLintJarForPublish UP-TO-DATE
> Task :search:createFullJarRelease UP-TO-DATE
> Task :search:extractProguardFiles UP-TO-DATE
> Task :search:generateReleaseLintModel UP-TO-DATE
> Task :search:prepareLintJarForPublish UP-TO-DATE
> Task :tts:createFullJarRelease UP-TO-DATE
> Task :tts:extractProguardFiles UP-TO-DATE
> Task :tts:generateReleaseLintModel UP-TO-DATE
> Task :tts:prepareLintJarForPublish UP-TO-DATE
> Task :search:checkReleaseAarMetadata UP-TO-DATE
> Task :search:stripReleaseDebugSymbols NO-SOURCE
> Task :search:copyReleaseJniLibsProjectAndLocalJars UP-TO-DATE
> Task :search:extractDeepLinksForAarRelease UP-TO-DATE
> Task :search:extractReleaseAnnotations UP-TO-DATE
> Task :search:mergeReleaseConsumerProguardFiles UP-TO-DATE
> Task :search:mergeReleaseJavaResource UP-TO-DATE
> Task :search:syncReleaseLibJars UP-TO-DATE
> Task :search:bundleReleaseLocalLintAar UP-TO-DATE
> Task :ai:bundleReleaseLocalLintAar UP-TO-DATE
> Task :document:checkReleaseAarMetadata UP-TO-DATE
> Task :document:stripReleaseDebugSymbols UP-TO-DATE
> Task :document:copyReleaseJniLibsProjectAndLocalJars UP-TO-DATE
> Task :document:extractDeepLinksForAarRelease UP-TO-DATE
> Task :document:extractReleaseAnnotations UP-TO-DATE
> Task :document:mergeReleaseConsumerProguardFiles UP-TO-DATE
> Task :document:mergeReleaseJavaResource UP-TO-DATE
> Task :document:syncReleaseLibJars UP-TO-DATE
> Task :document:bundleReleaseLocalLintAar UP-TO-DATE
> Task :highlight:checkReleaseAarMetadata UP-TO-DATE
> Task :highlight:stripReleaseDebugSymbols NO-SOURCE
> Task :highlight:copyReleaseJniLibsProjectAndLocalJars UP-TO-DATE
> Task :highlight:extractDeepLinksForAarRelease UP-TO-DATE
> Task :highlight:extractReleaseAnnotations UP-TO-DATE
> Task :highlight:mergeReleaseConsumerProguardFiles UP-TO-DATE
> Task :highlight:mergeReleaseJavaResource UP-TO-DATE
> Task :highlight:syncReleaseLibJars UP-TO-DATE
> Task :highlight:bundleReleaseLocalLintAar UP-TO-DATE
> Task :tts:checkReleaseAarMetadata UP-TO-DATE
> Task :tts:stripReleaseDebugSymbols NO-SOURCE
> Task :tts:copyReleaseJniLibsProjectAndLocalJars UP-TO-DATE
> Task :tts:extractDeepLinksForAarRelease UP-TO-DATE
> Task :tts:extractReleaseAnnotations UP-TO-DATE
> Task :tts:mergeReleaseConsumerProguardFiles UP-TO-DATE
> Task :tts:mergeReleaseJavaResource UP-TO-DATE
> Task :tts:syncReleaseLibJars UP-TO-DATE
> Task :tts:bundleReleaseLocalLintAar UP-TO-DATE
> Task :ai:writeReleaseLintModelMetadata UP-TO-DATE
> Task :common:lintVitalAnalyzeRelease UP-TO-DATE
> Task :document:lintVitalAnalyzeRelease UP-TO-DATE
> Task :document:writeReleaseLintModelMetadata UP-TO-DATE
> Task :highlight:lintVitalAnalyzeRelease UP-TO-DATE
> Task :highlight:writeReleaseLintModelMetadata UP-TO-DATE
> Task :search:lintVitalAnalyzeRelease UP-TO-DATE
> Task :search:writeReleaseLintModelMetadata UP-TO-DATE
> Task :tts:lintVitalAnalyzeRelease UP-TO-DATE
> Task :tts:writeReleaseLintModelMetadata UP-TO-DATE
> Task :common:generateReleaseLintVitalModel UP-TO-DATE
> Task :document:generateReleaseLintVitalModel UP-TO-DATE
> Task :highlight:generateReleaseLintVitalModel UP-TO-DATE
> Task :search:generateReleaseLintVitalModel UP-TO-DATE
> Task :tts:generateReleaseLintVitalModel UP-TO-DATE
> Task :app:collectReleaseDependencies UP-TO-DATE
> Task :app:sdkReleaseDependencyData UP-TO-DATE
> Task :app:validateSigningRelease UP-TO-DATE
> Task :app:writeReleaseAppMetadata UP-TO-DATE
> Task :app:writeReleaseSigningConfigVersions UP-TO-DATE
> Task :common:bundleReleaseAar UP-TO-DATE
> Task :common:mapReleaseSourceSetPaths UP-TO-DATE
> Task :common:mergeReleaseResources UP-TO-DATE
> Task :common:verifyReleaseResources UP-TO-DATE
> Task :common:assembleRelease UP-TO-DATE
> Task :document:bundleReleaseAar UP-TO-DATE
> Task :document:mapReleaseSourceSetPaths UP-TO-DATE
> Task :document:mergeReleaseResources UP-TO-DATE
> Task :document:verifyReleaseResources UP-TO-DATE
> Task :document:assembleRelease UP-TO-DATE
> Task :highlight:bundleReleaseAar UP-TO-DATE
> Task :highlight:mapReleaseSourceSetPaths UP-TO-DATE
> Task :highlight:mergeReleaseResources UP-TO-DATE
> Task :highlight:verifyReleaseResources UP-TO-DATE
> Task :highlight:assembleRelease UP-TO-DATE
> Task :search:bundleReleaseAar UP-TO-DATE
> Task :ai:compileReleaseLibraryResources UP-TO-DATE
> Task :search:mapReleaseSourceSetPaths UP-TO-DATE
> Task :search:mergeReleaseResources UP-TO-DATE
> Task :search:verifyReleaseResources UP-TO-DATE
> Task :search:assembleRelease UP-TO-DATE
> Task :tts:bundleReleaseAar UP-TO-DATE
> Task :tts:mapReleaseSourceSetPaths UP-TO-DATE
> Task :tts:mergeReleaseResources UP-TO-DATE
> Task :tts:verifyReleaseResources UP-TO-DATE
> Task :tts:assembleRelease UP-TO-DATE
> Task :app:mergeReleaseResources
> Task :app:processReleaseResources
> Task :app:kspReleaseKotlin UP-TO-DATE
> Task :app:compileReleaseKotlin UP-TO-DATE
> Task :app:compileReleaseJavaWithJavac UP-TO-DATE
> Task :app:expandReleaseArtProfileWildcards UP-TO-DATE
> Task :app:mergeReleaseGeneratedProguardFiles UP-TO-DATE
> Task :app:processReleaseJavaRes UP-TO-DATE
> Task :app:mergeReleaseJavaResource UP-TO-DATE
> Task :app:generateReleaseLintVitalReportModel
> Task :app:minifyReleaseWithR8
> Task :app:lintVitalAnalyzeRelease
> Task :app:lintVitalReportRelease
> Task :app:lintVitalRelease
> Task :app:compileReleaseArtProfile UP-TO-DATE
> Task :app:uploadCrashlyticsMappingFileRelease
> Task :app:convertShrunkResourcesToBinaryRelease
> Task :app:optimizeReleaseResources
> Task :app:packageRelease
> Task :app:createReleaseApkListingFileRedirect
> Task :app:assembleRelease

[Incubating] Problems report is available at: file:///home/runner/work/haqimi/haqimi/build/reports/problems/problems-report.html

Deprecated Gradle features were used in this build, making it incompatible with Gradle 9.0.

You can use '--warning-mode all' to show the individual deprecation warnings and determine if they come from your own scripts or plugins.

For more on this, please refer to https://docs.gradle.org/8.14/userguide/command_line_interface.html#sec:command_line_warnings in the Gradle documentation.

BUILD SUCCESSFUL in 3m
318 actionable tasks: 16 executed, 302 up-to-date
